2024-06-05T01:02:50.268+05:30  WARN 8468 --- [HikariPool-1 housekeeper] com.zaxxer.hikari.pool.HikariPool        : HikariPool-1 - Thread starvation or clock leap detected (housekeeper delta=1h18m649ms12µs900ns).
2024-06-05T10:30:03.643+05:30  WARN 8468 --- [HikariPool-1 housekeeper] com.zaxxer.hikari.pool.HikariPool        : HikariPool-1 - Thread starvation or clock leap detected (housekeeper delta=9h1m47s573ms398µs300ns).
2024-06-05T10:32:32.518+05:30  INFO 8468 --- [RMI TCP Connection(299)-127.0.0.1] inMXBeanRegistrar$SpringApplicationAdmin : Application shutdown requested.
2024-06-05T10:32:32.561+05:30  INFO 8468 --- [RMI TCP Connection(299)-127.0.0.1] o.apache.catalina.core.StandardService   : Stopping service [Tomcat]
2024-06-05T10:32:32.607+05:30  INFO 8468 --- [RMI TCP Connection(299)-127.0.0.1] j.LocalContainerEntityManagerFactoryBean : Closing JPA EntityManagerFactory for persistence unit 'default'
2024-06-05T10:32:32.622+05:30  INFO 8468 --- [RMI TCP Connection(299)-127.0.0.1] com.zaxxer.hikari.HikariDataSource       : HikariPool-1 - Shutdown initiated...
2024-06-05T10:32:32.632+05:30  INFO 8468 --- [RMI TCP Connection(299)-127.0.0.1] com.zaxxer.hikari.HikariDataSource       : HikariPool-1 - Shutdown completed.
2024-06-05T10:55:51.266+05:30  INFO 3012 --- [restartedMain] com.expedux.DemoWebSecurityApplication   : Starting DemoWebSecurityApplication using Java 17.0.10 with PID 3012 (D:\Prithivi\java practice\GIT REPOS\SpringBootPractice\target\classes started by My Pc in D:\Prithivi\java practice\GIT REPOS\SpringBootPractice)
2024-06-05T10:55:51.271+05:30  INFO 3012 --- [restartedMain] com.expedux.DemoWebSecurityApplication   : No active profile set, falling back to 1 default profile: "default"
2024-06-05T10:55:51.405+05:30  INFO 3012 --- [restartedMain] .e.DevToolsPropertyDefaultsPostProcessor : Devtools property defaults active! Set 'spring.devtools.add-properties' to 'false' to disable
2024-06-05T10:55:51.407+05:30  INFO 3012 --- [restartedMain] .e.DevToolsPropertyDefaultsPostProcessor : For additional web related logging consider setting the 'logging.level.web' property to 'DEBUG'
2024-06-05T10:55:53.149+05:30  INFO 3012 --- [restartedMain] .s.d.r.c.RepositoryConfigurationDelegate : Bootstrapping Spring Data JPA repositories in DEFAULT mode.
2024-06-05T10:55:53.299+05:30  INFO 3012 --- [restartedMain] .s.d.r.c.RepositoryConfigurationDelegate : Finished Spring Data repository scanning in 133 ms. Found 3 JPA repository interfaces.
2024-06-05T10:55:54.511+05:30  INFO 3012 --- [restartedMain] o.s.b.w.embedded.tomcat.TomcatWebServer  : Tomcat initialized with port(s): 8080 (http)
2024-06-05T10:55:54.574+05:30  INFO 3012 --- [restartedMain] o.apache.catalina.core.StandardService   : Starting service [Tomcat]
2024-06-05T10:55:54.576+05:30  INFO 3012 --- [restartedMain] o.apache.catalina.core.StandardEngine    : Starting Servlet engine: [Apache Tomcat/10.1.20]
2024-06-05T10:55:55.036+05:30  INFO 3012 --- [restartedMain] org.apache.jasper.servlet.TldScanner     : At least one JAR was scanned for TLDs yet contained no TLDs. Enable debug logging for this logger for a complete list of JARs that were scanned but no TLDs were found in them. Skipping unneeded JARs during scanning can improve startup time and JSP compilation time.
2024-06-05T10:55:55.058+05:30  INFO 3012 --- [restartedMain] o.a.c.c.C.[Tomcat].[localhost].[/]       : Initializing Spring embedded WebApplicationContext
2024-06-05T10:55:55.059+05:30  INFO 3012 --- [restartedMain] w.s.c.ServletWebServerApplicationContext : Root WebApplicationContext: initialization completed in 3651 ms
2024-06-05T10:55:55.385+05:30  INFO 3012 --- [restartedMain] o.hibernate.jpa.internal.util.LogHelper  : HHH000204: Processing PersistenceUnitInfo [name: default]
2024-06-05T10:55:55.511+05:30  INFO 3012 --- [restartedMain] org.hibernate.Version                    : HHH000412: Hibernate ORM core version 6.2.24.Final
2024-06-05T10:55:55.523+05:30  INFO 3012 --- [restartedMain] org.hibernate.cfg.Environment            : HHH000406: Using bytecode reflection optimizer
2024-06-05T10:55:56.028+05:30  INFO 3012 --- [restartedMain] o.s.o.j.p.SpringPersistenceUnitInfo      : No LoadTimeWeaver setup: ignoring JPA class transformer
2024-06-05T10:55:56.077+05:30  INFO 3012 --- [restartedMain] com.zaxxer.hikari.HikariDataSource       : HikariPool-1 - Starting...
2024-06-05T10:55:56.524+05:30  INFO 3012 --- [restartedMain] com.zaxxer.hikari.pool.HikariPool        : HikariPool-1 - Added connection com.mysql.cj.jdbc.ConnectionImpl@1af6bbbf
2024-06-05T10:55:56.528+05:30  INFO 3012 --- [restartedMain] com.zaxxer.hikari.HikariDataSource       : HikariPool-1 - Start completed.
2024-06-05T10:55:56.697+05:30  WARN 3012 --- [restartedMain] org.hibernate.orm.deprecation            : HHH90000025: MySQLDialect does not need to be specified explicitly using 'hibernate.dialect' (remove the property setting and it will be selected by default)
2024-06-05T10:55:58.309+05:30  INFO 3012 --- [restartedMain] o.h.e.t.j.p.i.JtaPlatformInitiator       : HHH000489: No JTA platform available (set 'hibernate.transaction.jta.platform' to enable JTA platform integration)
2024-06-05T10:55:58.504+05:30  INFO 3012 --- [restartedMain] j.LocalContainerEntityManagerFactoryBean : Initialized JPA EntityManagerFactory for persistence unit 'default'
2024-06-05T10:55:59.021+05:30  WARN 3012 --- [restartedMain] org.apache.velocity.deprecation          : configuration key 'class.resource.loader.class' has been deprecated in favor of 'resource.loader.class.class'
2024-06-05T10:55:59.021+05:30  WARN 3012 --- [restartedMain] org.apache.velocity.deprecation          : configuration key 'resource.loader' has been deprecated in favor of 'resource.loaders'
2024-06-05T10:55:59.176+05:30  WARN 3012 --- [restartedMain] JpaBaseConfiguration$JpaWebConfiguration : spring.jpa.open-in-view is enabled by default. Therefore, database queries may be performed during view rendering. Explicitly configure spring.jpa.open-in-view to disable this warning
2024-06-05T10:55:59.582+05:30  INFO 3012 --- [restartedMain] o.s.s.web.DefaultSecurityFilterChain     : Will secure any request with [org.springframework.security.web.session.DisableEncodeUrlFilter@1a3585b8, org.springframework.security.web.context.request.async.WebAsyncManagerIntegrationFilter@4ae93c88, org.springframework.security.web.context.SecurityContextHolderFilter@597a0722, org.springframework.security.web.header.HeaderWriterFilter@4e521d16, org.springframework.security.web.authentication.logout.LogoutFilter@41104079, org.springframework.security.web.authentication.UsernamePasswordAuthenticationFilter@5bab6c0, org.springframework.security.web.savedrequest.RequestCacheAwareFilter@44e8dad8, org.springframework.security.web.servletapi.SecurityContextHolderAwareRequestFilter@5cab7fee, org.springframework.security.web.authentication.AnonymousAuthenticationFilter@483583ca, org.springframework.security.web.access.ExceptionTranslationFilter@1b47e07b]
2024-06-05T10:55:59.954+05:30  INFO 3012 --- [restartedMain] o.s.b.d.a.OptionalLiveReloadServer       : LiveReload server is running on port 35729
2024-06-05T10:56:00.107+05:30  INFO 3012 --- [restartedMain] o.s.b.w.embedded.tomcat.TomcatWebServer  : Tomcat started on port(s): 8080 (http) with context path ''
2024-06-05T10:56:00.125+05:30  INFO 3012 --- [restartedMain] com.expedux.DemoWebSecurityApplication   : Started DemoWebSecurityApplication in 9.486 seconds (process running for 11.018)
2024-06-05T10:56:12.494+05:30  INFO 3012 --- [http-nio-8080-exec-1] o.a.c.c.C.[Tomcat].[localhost].[/]       : Initializing Spring DispatcherServlet 'dispatcherServlet'
2024-06-05T10:56:12.495+05:30  INFO 3012 --- [http-nio-8080-exec-1] o.s.web.servlet.DispatcherServlet        : Initializing Servlet 'dispatcherServlet'
2024-06-05T10:56:12.501+05:30  INFO 3012 --- [http-nio-8080-exec-1] o.s.web.servlet.DispatcherServlet        : Completed initialization in 6 ms
2024-06-05T10:57:27.752+05:30  INFO 3012 --- [http-nio-8080-exec-4] c.expedux.controllers.LoginController    : templates/vm/sampleVelocity.vm
2024-06-05T10:58:23.237+05:30  INFO 3012 --- [http-nio-8080-exec-6] c.expedux.controllers.LoginController    : templates/vm/sampleVelocity.vm
2024-06-05T11:09:40.590+05:30  INFO 3012 --- [File Watcher] rtingClassPathChangeChangedEventListener : Restarting due to 1 class path change (1 addition, 0 deletions, 0 modifications)
2024-06-05T11:09:40.611+05:30  INFO 3012 --- [Thread-5] o.apache.catalina.core.StandardService   : Stopping service [Tomcat]
2024-06-05T11:09:40.617+05:30  INFO 3012 --- [Thread-5] o.a.c.c.C.[Tomcat].[localhost].[/]       : Destroying Spring FrameworkServlet 'dispatcherServlet'
2024-06-05T11:09:40.635+05:30  INFO 3012 --- [Thread-5] j.LocalContainerEntityManagerFactoryBean : Closing JPA EntityManagerFactory for persistence unit 'default'
2024-06-05T11:09:40.642+05:30  INFO 3012 --- [Thread-5] com.zaxxer.hikari.HikariDataSource       : HikariPool-1 - Shutdown initiated...
2024-06-05T11:09:40.666+05:30  INFO 3012 --- [Thread-5] com.zaxxer.hikari.HikariDataSource       : HikariPool-1 - Shutdown completed.
2024-06-05T11:09:40.810+05:30  INFO 3012 --- [restartedMain] com.expedux.DemoWebSecurityApplication   : Starting DemoWebSecurityApplication using Java 17.0.10 with PID 3012 (D:\Prithivi\java practice\GIT REPOS\SpringBootPractice\target\classes started by My Pc in D:\Prithivi\java practice\GIT REPOS\SpringBootPractice)
2024-06-05T11:09:40.810+05:30  INFO 3012 --- [restartedMain] com.expedux.DemoWebSecurityApplication   : No active profile set, falling back to 1 default profile: "default"
2024-06-05T11:09:41.425+05:30  INFO 3012 --- [restartedMain] .s.d.r.c.RepositoryConfigurationDelegate : Bootstrapping Spring Data JPA repositories in DEFAULT mode.
2024-06-05T11:09:41.479+05:30  INFO 3012 --- [restartedMain] .s.d.r.c.RepositoryConfigurationDelegate : Finished Spring Data repository scanning in 52 ms. Found 3 JPA repository interfaces.
2024-06-05T11:09:41.784+05:30  INFO 3012 --- [restartedMain] o.s.b.w.embedded.tomcat.TomcatWebServer  : Tomcat initialized with port(s): 8080 (http)
2024-06-05T11:09:41.786+05:30  INFO 3012 --- [restartedMain] o.apache.catalina.core.StandardService   : Starting service [Tomcat]
2024-06-05T11:09:41.787+05:30  INFO 3012 --- [restartedMain] o.apache.catalina.core.StandardEngine    : Starting Servlet engine: [Apache Tomcat/10.1.20]
2024-06-05T11:09:42.012+05:30  INFO 3012 --- [restartedMain] org.apache.jasper.servlet.TldScanner     : At least one JAR was scanned for TLDs yet contained no TLDs. Enable debug logging for this logger for a complete list of JARs that were scanned but no TLDs were found in them. Skipping unneeded JARs during scanning can improve startup time and JSP compilation time.
2024-06-05T11:09:42.020+05:30  INFO 3012 --- [restartedMain] o.a.c.c.C.[Tomcat].[localhost].[/]       : Initializing Spring embedded WebApplicationContext
2024-06-05T11:09:42.021+05:30  INFO 3012 --- [restartedMain] w.s.c.ServletWebServerApplicationContext : Root WebApplicationContext: initialization completed in 1206 ms
2024-06-05T11:09:42.120+05:30  INFO 3012 --- [restartedMain] o.hibernate.jpa.internal.util.LogHelper  : HHH000204: Processing PersistenceUnitInfo [name: default]
2024-06-05T11:09:42.136+05:30  INFO 3012 --- [restartedMain] o.s.o.j.p.SpringPersistenceUnitInfo      : No LoadTimeWeaver setup: ignoring JPA class transformer
2024-06-05T11:09:42.139+05:30  INFO 3012 --- [restartedMain] com.zaxxer.hikari.HikariDataSource       : HikariPool-2 - Starting...
2024-06-05T11:09:42.188+05:30  INFO 3012 --- [restartedMain] com.zaxxer.hikari.pool.HikariPool        : HikariPool-2 - Added connection com.mysql.cj.jdbc.ConnectionImpl@39a4886d
2024-06-05T11:09:42.189+05:30  INFO 3012 --- [restartedMain] com.zaxxer.hikari.HikariDataSource       : HikariPool-2 - Start completed.
2024-06-05T11:09:42.192+05:30  WARN 3012 --- [restartedMain] org.hibernate.orm.deprecation            : HHH90000025: MySQLDialect does not need to be specified explicitly using 'hibernate.dialect' (remove the property setting and it will be selected by default)
2024-06-05T11:09:42.359+05:30  INFO 3012 --- [restartedMain] o.h.e.t.j.p.i.JtaPlatformInitiator       : HHH000489: No JTA platform available (set 'hibernate.transaction.jta.platform' to enable JTA platform integration)
2024-06-05T11:09:42.530+05:30  INFO 3012 --- [restartedMain] j.LocalContainerEntityManagerFactoryBean : Initialized JPA EntityManagerFactory for persistence unit 'default'
2024-06-05T11:09:42.666+05:30  WARN 3012 --- [restartedMain] org.apache.velocity.deprecation          : configuration key 'class.resource.loader.class' has been deprecated in favor of 'resource.loader.class.class'
2024-06-05T11:09:42.667+05:30  WARN 3012 --- [restartedMain] org.apache.velocity.deprecation          : configuration key 'resource.loader' has been deprecated in favor of 'resource.loaders'
2024-06-05T11:09:42.722+05:30  WARN 3012 --- [restartedMain] JpaBaseConfiguration$JpaWebConfiguration : spring.jpa.open-in-view is enabled by default. Therefore, database queries may be performed during view rendering. Explicitly configure spring.jpa.open-in-view to disable this warning
2024-06-05T11:09:42.887+05:30  INFO 3012 --- [restartedMain] o.s.s.web.DefaultSecurityFilterChain     : Will secure any request with [org.springframework.security.web.session.DisableEncodeUrlFilter@2993c396, org.springframework.security.web.context.request.async.WebAsyncManagerIntegrationFilter@f9a7e6b, org.springframework.security.web.context.SecurityContextHolderFilter@746c884f, org.springframework.security.web.header.HeaderWriterFilter@757f6345, org.springframework.security.web.authentication.logout.LogoutFilter@7ecd5430, org.springframework.security.web.authentication.UsernamePasswordAuthenticationFilter@692baccb, org.springframework.security.web.savedrequest.RequestCacheAwareFilter@136c28c2, org.springframework.security.web.servletapi.SecurityContextHolderAwareRequestFilter@1240b634, org.springframework.security.web.authentication.AnonymousAuthenticationFilter@1b62c77c, org.springframework.security.web.access.ExceptionTranslationFilter@2624e12a]
2024-06-05T11:09:43.069+05:30  INFO 3012 --- [restartedMain] o.s.b.d.a.OptionalLiveReloadServer       : LiveReload server is running on port 35729
2024-06-05T11:09:43.105+05:30  INFO 3012 --- [restartedMain] o.s.b.w.embedded.tomcat.TomcatWebServer  : Tomcat started on port(s): 8080 (http) with context path ''
2024-06-05T11:09:43.127+05:30  INFO 3012 --- [restartedMain] com.expedux.DemoWebSecurityApplication   : Started DemoWebSecurityApplication in 2.364 seconds (process running for 834.021)
2024-06-05T11:09:43.133+05:30  INFO 3012 --- [restartedMain] .ConditionEvaluationDeltaLoggingListener : Condition evaluation unchanged
2024-06-05T11:10:01.151+05:30  INFO 3012 --- [File Watcher] rtingClassPathChangeChangedEventListener : Restarting due to 2 class path changes (1 addition, 1 deletion, 0 modifications)
2024-06-05T11:10:01.165+05:30  INFO 3012 --- [Thread-7] o.apache.catalina.core.StandardService   : Stopping service [Tomcat]
2024-06-05T11:10:01.172+05:30  INFO 3012 --- [Thread-7] j.LocalContainerEntityManagerFactoryBean : Closing JPA EntityManagerFactory for persistence unit 'default'
2024-06-05T11:10:01.173+05:30  INFO 3012 --- [Thread-7] com.zaxxer.hikari.HikariDataSource       : HikariPool-2 - Shutdown initiated...
2024-06-05T11:10:01.181+05:30  INFO 3012 --- [Thread-7] com.zaxxer.hikari.HikariDataSource       : HikariPool-2 - Shutdown completed.
2024-06-05T11:10:01.303+05:30  INFO 3012 --- [restartedMain] com.expedux.DemoWebSecurityApplication   : Starting DemoWebSecurityApplication using Java 17.0.10 with PID 3012 (D:\Prithivi\java practice\GIT REPOS\SpringBootPractice\target\classes started by My Pc in D:\Prithivi\java practice\GIT REPOS\SpringBootPractice)
2024-06-05T11:10:01.304+05:30  INFO 3012 --- [restartedMain] com.expedux.DemoWebSecurityApplication   : No active profile set, falling back to 1 default profile: "default"
2024-06-05T11:10:01.728+05:30  INFO 3012 --- [restartedMain] .s.d.r.c.RepositoryConfigurationDelegate : Bootstrapping Spring Data JPA repositories in DEFAULT mode.
2024-06-05T11:10:01.767+05:30  INFO 3012 --- [restartedMain] .s.d.r.c.RepositoryConfigurationDelegate : Finished Spring Data repository scanning in 38 ms. Found 3 JPA repository interfaces.
2024-06-05T11:10:01.979+05:30  INFO 3012 --- [restartedMain] o.s.b.w.embedded.tomcat.TomcatWebServer  : Tomcat initialized with port(s): 8080 (http)
2024-06-05T11:10:01.980+05:30  INFO 3012 --- [restartedMain] o.apache.catalina.core.StandardService   : Starting service [Tomcat]
2024-06-05T11:10:01.980+05:30  INFO 3012 --- [restartedMain] o.apache.catalina.core.StandardEngine    : Starting Servlet engine: [Apache Tomcat/10.1.20]
2024-06-05T11:10:02.145+05:30  INFO 3012 --- [restartedMain] org.apache.jasper.servlet.TldScanner     : At least one JAR was scanned for TLDs yet contained no TLDs. Enable debug logging for this logger for a complete list of JARs that were scanned but no TLDs were found in them. Skipping unneeded JARs during scanning can improve startup time and JSP compilation time.
2024-06-05T11:10:02.156+05:30  INFO 3012 --- [restartedMain] o.a.c.c.C.[Tomcat].[localhost].[/]       : Initializing Spring embedded WebApplicationContext
2024-06-05T11:10:02.157+05:30  INFO 3012 --- [restartedMain] w.s.c.ServletWebServerApplicationContext : Root WebApplicationContext: initialization completed in 841 ms
2024-06-05T11:10:02.214+05:30  INFO 3012 --- [restartedMain] o.hibernate.jpa.internal.util.LogHelper  : HHH000204: Processing PersistenceUnitInfo [name: default]
2024-06-05T11:10:02.226+05:30  INFO 3012 --- [restartedMain] o.s.o.j.p.SpringPersistenceUnitInfo      : No LoadTimeWeaver setup: ignoring JPA class transformer
2024-06-05T11:10:02.228+05:30  INFO 3012 --- [restartedMain] com.zaxxer.hikari.HikariDataSource       : HikariPool-3 - Starting...
2024-06-05T11:10:02.248+05:30  INFO 3012 --- [restartedMain] com.zaxxer.hikari.pool.HikariPool        : HikariPool-3 - Added connection com.mysql.cj.jdbc.ConnectionImpl@5da0aab2
2024-06-05T11:10:02.248+05:30  INFO 3012 --- [restartedMain] com.zaxxer.hikari.HikariDataSource       : HikariPool-3 - Start completed.
2024-06-05T11:10:02.251+05:30  WARN 3012 --- [restartedMain] org.hibernate.orm.deprecation            : HHH90000025: MySQLDialect does not need to be specified explicitly using 'hibernate.dialect' (remove the property setting and it will be selected by default)
2024-06-05T11:10:02.408+05:30  INFO 3012 --- [restartedMain] o.h.e.t.j.p.i.JtaPlatformInitiator       : HHH000489: No JTA platform available (set 'hibernate.transaction.jta.platform' to enable JTA platform integration)
2024-06-05T11:10:02.550+05:30  INFO 3012 --- [restartedMain] j.LocalContainerEntityManagerFactoryBean : Initialized JPA EntityManagerFactory for persistence unit 'default'
2024-06-05T11:10:02.706+05:30  WARN 3012 --- [restartedMain] org.apache.velocity.deprecation          : configuration key 'class.resource.loader.class' has been deprecated in favor of 'resource.loader.class.class'
2024-06-05T11:10:02.706+05:30  WARN 3012 --- [restartedMain] org.apache.velocity.deprecation          : configuration key 'resource.loader' has been deprecated in favor of 'resource.loaders'
2024-06-05T11:10:02.746+05:30  WARN 3012 --- [restartedMain] JpaBaseConfiguration$JpaWebConfiguration : spring.jpa.open-in-view is enabled by default. Therefore, database queries may be performed during view rendering. Explicitly configure spring.jpa.open-in-view to disable this warning
2024-06-05T11:10:02.873+05:30  INFO 3012 --- [restartedMain] o.s.s.web.DefaultSecurityFilterChain     : Will secure any request with [org.springframework.security.web.session.DisableEncodeUrlFilter@7246e71d, org.springframework.security.web.context.request.async.WebAsyncManagerIntegrationFilter@17ca0256, org.springframework.security.web.context.SecurityContextHolderFilter@31e024fe, org.springframework.security.web.header.HeaderWriterFilter@7e7c0942, org.springframework.security.web.authentication.logout.LogoutFilter@1dce0c9c, org.springframework.security.web.authentication.UsernamePasswordAuthenticationFilter@48f415d8, org.springframework.security.web.savedrequest.RequestCacheAwareFilter@6847b508, org.springframework.security.web.servletapi.SecurityContextHolderAwareRequestFilter@33112338, org.springframework.security.web.authentication.AnonymousAuthenticationFilter@7a0d46df, org.springframework.security.web.access.ExceptionTranslationFilter@3c3cf63e]
2024-06-05T11:10:02.988+05:30  INFO 3012 --- [restartedMain] o.s.b.d.a.OptionalLiveReloadServer       : LiveReload server is running on port 35729
2024-06-05T11:10:03.023+05:30  INFO 3012 --- [restartedMain] o.s.b.w.embedded.tomcat.TomcatWebServer  : Tomcat started on port(s): 8080 (http) with context path ''
2024-06-05T11:10:03.028+05:30  INFO 3012 --- [restartedMain] com.expedux.DemoWebSecurityApplication   : Started DemoWebSecurityApplication in 1.762 seconds (process running for 853.922)
2024-06-05T11:10:03.030+05:30  INFO 3012 --- [restartedMain] .ConditionEvaluationDeltaLoggingListener : Condition evaluation unchanged
2024-06-05T11:11:39.780+05:30  INFO 3012 --- [http-nio-8080-exec-1] o.a.c.c.C.[Tomcat].[localhost].[/]       : Initializing Spring DispatcherServlet 'dispatcherServlet'
2024-06-05T11:11:39.781+05:30  INFO 3012 --- [http-nio-8080-exec-1] o.s.web.servlet.DispatcherServlet        : Initializing Servlet 'dispatcherServlet'
2024-06-05T11:11:39.784+05:30  INFO 3012 --- [http-nio-8080-exec-1] o.s.web.servlet.DispatcherServlet        : Completed initialization in 1 ms
2024-06-05T11:13:03.288+05:30  INFO 3012 --- [File Watcher] rtingClassPathChangeChangedEventListener : Restarting due to 2 class path changes (1 addition, 1 deletion, 0 modifications)
2024-06-05T11:13:03.303+05:30  INFO 3012 --- [Thread-11] o.apache.catalina.core.StandardService   : Stopping service [Tomcat]
2024-06-05T11:13:03.304+05:30  INFO 3012 --- [Thread-11] o.a.c.c.C.[Tomcat].[localhost].[/]       : Destroying Spring FrameworkServlet 'dispatcherServlet'
2024-06-05T11:13:03.315+05:30  INFO 3012 --- [Thread-11] j.LocalContainerEntityManagerFactoryBean : Closing JPA EntityManagerFactory for persistence unit 'default'
2024-06-05T11:13:03.315+05:30  INFO 3012 --- [Thread-11] com.zaxxer.hikari.HikariDataSource       : HikariPool-3 - Shutdown initiated...
2024-06-05T11:13:03.323+05:30  INFO 3012 --- [Thread-11] com.zaxxer.hikari.HikariDataSource       : HikariPool-3 - Shutdown completed.
2024-06-05T11:13:03.445+05:30  INFO 3012 --- [restartedMain] com.expedux.DemoWebSecurityApplication   : Starting DemoWebSecurityApplication using Java 17.0.10 with PID 3012 (D:\Prithivi\java practice\GIT REPOS\SpringBootPractice\target\classes started by My Pc in D:\Prithivi\java practice\GIT REPOS\SpringBootPractice)
2024-06-05T11:13:03.446+05:30  INFO 3012 --- [restartedMain] com.expedux.DemoWebSecurityApplication   : No active profile set, falling back to 1 default profile: "default"
2024-06-05T11:13:03.766+05:30  INFO 3012 --- [restartedMain] .s.d.r.c.RepositoryConfigurationDelegate : Bootstrapping Spring Data JPA repositories in DEFAULT mode.
2024-06-05T11:13:03.803+05:30  INFO 3012 --- [restartedMain] .s.d.r.c.RepositoryConfigurationDelegate : Finished Spring Data repository scanning in 36 ms. Found 3 JPA repository interfaces.
2024-06-05T11:13:04.048+05:30  INFO 3012 --- [restartedMain] o.s.b.w.embedded.tomcat.TomcatWebServer  : Tomcat initialized with port(s): 8080 (http)
2024-06-05T11:13:04.049+05:30  INFO 3012 --- [restartedMain] o.apache.catalina.core.StandardService   : Starting service [Tomcat]
2024-06-05T11:13:04.049+05:30  INFO 3012 --- [restartedMain] o.apache.catalina.core.StandardEngine    : Starting Servlet engine: [Apache Tomcat/10.1.20]
2024-06-05T11:13:04.206+05:30  INFO 3012 --- [restartedMain] org.apache.jasper.servlet.TldScanner     : At least one JAR was scanned for TLDs yet contained no TLDs. Enable debug logging for this logger for a complete list of JARs that were scanned but no TLDs were found in them. Skipping unneeded JARs during scanning can improve startup time and JSP compilation time.
2024-06-05T11:13:04.212+05:30  INFO 3012 --- [restartedMain] o.a.c.c.C.[Tomcat].[localhost].[/]       : Initializing Spring embedded WebApplicationContext
2024-06-05T11:13:04.212+05:30  INFO 3012 --- [restartedMain] w.s.c.ServletWebServerApplicationContext : Root WebApplicationContext: initialization completed in 763 ms
2024-06-05T11:13:04.290+05:30  INFO 3012 --- [restartedMain] o.hibernate.jpa.internal.util.LogHelper  : HHH000204: Processing PersistenceUnitInfo [name: default]
2024-06-05T11:13:04.303+05:30  INFO 3012 --- [restartedMain] o.s.o.j.p.SpringPersistenceUnitInfo      : No LoadTimeWeaver setup: ignoring JPA class transformer
2024-06-05T11:13:04.305+05:30  INFO 3012 --- [restartedMain] com.zaxxer.hikari.HikariDataSource       : HikariPool-4 - Starting...
2024-06-05T11:13:04.330+05:30  INFO 3012 --- [restartedMain] com.zaxxer.hikari.pool.HikariPool        : HikariPool-4 - Added connection com.mysql.cj.jdbc.ConnectionImpl@429034a8
2024-06-05T11:13:04.330+05:30  INFO 3012 --- [restartedMain] com.zaxxer.hikari.HikariDataSource       : HikariPool-4 - Start completed.
2024-06-05T11:13:04.332+05:30  WARN 3012 --- [restartedMain] org.hibernate.orm.deprecation            : HHH90000025: MySQLDialect does not need to be specified explicitly using 'hibernate.dialect' (remove the property setting and it will be selected by default)
2024-06-05T11:13:04.457+05:30  INFO 3012 --- [restartedMain] o.h.e.t.j.p.i.JtaPlatformInitiator       : HHH000489: No JTA platform available (set 'hibernate.transaction.jta.platform' to enable JTA platform integration)
2024-06-05T11:13:04.591+05:30  INFO 3012 --- [restartedMain] j.LocalContainerEntityManagerFactoryBean : Initialized JPA EntityManagerFactory for persistence unit 'default'
2024-06-05T11:13:04.749+05:30  WARN 3012 --- [restartedMain] org.apache.velocity.deprecation          : configuration key 'class.resource.loader.class' has been deprecated in favor of 'resource.loader.class.class'
2024-06-05T11:13:04.750+05:30  WARN 3012 --- [restartedMain] org.apache.velocity.deprecation          : configuration key 'resource.loader' has been deprecated in favor of 'resource.loaders'
2024-06-05T11:13:04.800+05:30  WARN 3012 --- [restartedMain] JpaBaseConfiguration$JpaWebConfiguration : spring.jpa.open-in-view is enabled by default. Therefore, database queries may be performed during view rendering. Explicitly configure spring.jpa.open-in-view to disable this warning
2024-06-05T11:13:04.938+05:30  INFO 3012 --- [restartedMain] o.s.s.web.DefaultSecurityFilterChain     : Will secure any request with [org.springframework.security.web.session.DisableEncodeUrlFilter@223a584f, org.springframework.security.web.context.request.async.WebAsyncManagerIntegrationFilter@418870fd, org.springframework.security.web.context.SecurityContextHolderFilter@34b21ddb, org.springframework.security.web.header.HeaderWriterFilter@6fe3c052, org.springframework.security.web.authentication.logout.LogoutFilter@560d7f22, org.springframework.security.web.authentication.UsernamePasswordAuthenticationFilter@2172466e, org.springframework.security.web.savedrequest.RequestCacheAwareFilter@6c368bc6, org.springframework.security.web.servletapi.SecurityContextHolderAwareRequestFilter@5b558bb6, org.springframework.security.web.authentication.AnonymousAuthenticationFilter@7c41e381, org.springframework.security.web.access.ExceptionTranslationFilter@7ad9b1bf]
2024-06-05T11:13:05.070+05:30  INFO 3012 --- [restartedMain] o.s.b.d.a.OptionalLiveReloadServer       : LiveReload server is running on port 35729
2024-06-05T11:13:05.097+05:30  INFO 3012 --- [restartedMain] o.s.b.w.embedded.tomcat.TomcatWebServer  : Tomcat started on port(s): 8080 (http) with context path ''
2024-06-05T11:13:05.103+05:30  INFO 3012 --- [restartedMain] com.expedux.DemoWebSecurityApplication   : Started DemoWebSecurityApplication in 1.703 seconds (process running for 1035.997)
2024-06-05T11:13:05.105+05:30  INFO 3012 --- [restartedMain] .ConditionEvaluationDeltaLoggingListener : Condition evaluation unchanged
2024-06-05T11:13:13.721+05:30  INFO 3012 --- [http-nio-8080-exec-2] o.a.c.c.C.[Tomcat].[localhost].[/]       : Initializing Spring DispatcherServlet 'dispatcherServlet'
2024-06-05T11:13:13.722+05:30  INFO 3012 --- [http-nio-8080-exec-2] o.s.web.servlet.DispatcherServlet        : Initializing Servlet 'dispatcherServlet'
2024-06-05T11:13:13.726+05:30  INFO 3012 --- [http-nio-8080-exec-2] o.s.web.servlet.DispatcherServlet        : Completed initialization in 4 ms
